nohup: ignoring input

Processing runDataDiMuonPeriodA.C...
In ChainMaker
root file .txt list: input file stream bad? 0
Making TChain object with:
- /data/HN_data/Data/Data_doubleMuon/RootTupleMakerV2_output_DATA_Muon_periodA.root
Input sample contains 3934552 events 
In test loop 
Running on data
Analyser::Loop || Total number of entries in sample = 3934552
Processing entry 0 weight = 1
Processing entry 1000 weight = 1
Processing entry 2000 weight = 1
Processing entry 3000 weight = 1
Processing entry 4000 weight = 1
Processing entry 5000 weight = 1
Processing entry 6000 weight = 1
Processing entry 7000 weight = 1
Processing entry 8000 weight = 1
Processing entry 9000 weight = 1
Processing entry 10000 weight = 1
Processing entry 11000 weight = 1
Processing entry 12000 weight = 1
Processing entry 13000 weight = 1
Processing entry 14000 weight = 1
Processing entry 15000 weight = 1
Processing entry 16000 weight = 1
Processing entry 17000 weight = 1
Processing entry 18000 weight = 1
Processing entry 19000 weight = 1
Processing entry 20000 weight = 1
Processing entry 21000 weight = 1
Processing entry 22000 weight = 1
Processing entry 23000 weight = 1
Processing entry 24000 weight = 1
Processing entry 25000 weight = 1
Processing entry 26000 weight = 1
Processing entry 27000 weight = 1
Processing entry 28000 weight = 1
Processing entry 29000 weight = 1
Processing entry 30000 weight = 1
Processing entry 31000 weight = 1
Processing entry 32000 weight = 1
Processing entry 33000 weight = 1
Processing entry 34000 weight = 1
Processing entry 35000 weight = 1
Processing entry 36000 weight = 1
Processing entry 37000 weight = 1
Processing entry 38000 weight = 1
Processing entry 39000 weight = 1
Processing entry 40000 weight = 1
Processing entry 41000 weight = 1
Processing entry 42000 weight = 1
Processing entry 43000 weight = 1
Processing entry 44000 weight = 1
Processing entry 45000 weight = 1
Processing entry 46000 weight = 1
Processing entry 47000 weight = 1
Processing entry 48000 weight = 1
Processing entry 49000 weight = 1
Processing entry 50000 weight = 1
Processing entry 51000 weight = 1
Processing entry 52000 weight = 1
Processing entry 53000 weight = 1
Processing entry 54000 weight = 1
Processing entry 55000 weight = 1
Processing entry 56000 weight = 1
Processing entry 57000 weight = 1
Processing entry 58000 weight = 1
Processing entry 59000 weight = 1
Processing entry 60000 weight = 1
Processing entry 61000 weight = 1
Processing entry 62000 weight = 1
Processing entry 63000 weight = 1
Processing entry 64000 weight = 1
Processing entry 65000 weight = 1
Processing entry 66000 weight = 1
Processing entry 67000 weight = 1
Processing entry 68000 weight = 1
Processing entry 69000 weight = 1
Processing entry 70000 weight = 1
Processing entry 71000 weight = 1
Processing entry 72000 weight = 1
Processing entry 73000 weight = 1
Processing entry 74000 weight = 1
Processing entry 75000 weight = 1
Processing entry 76000 weight = 1
Processing entry 77000 weight = 1
Processing entry 78000 weight = 1
Processing entry 79000 weight = 1
Processing entry 80000 weight = 1
Processing entry 81000 weight = 1
Processing entry 82000 weight = 1
Processing entry 83000 weight = 1
Processing entry 84000 weight = 1
Processing entry 85000 weight = 1
Processing entry 86000 weight = 1
Processing entry 87000 weight = 1
Processing entry 88000 weight = 1
Processing entry 89000 weight = 1
Processing entry 90000 weight = 1
Processing entry 91000 weight = 1
Processing entry 92000 weight = 1
Processing entry 93000 weight = 1
Processing entry 94000 weight = 1
Processing entry 95000 weight = 1
Processing entry 96000 weight = 1
Processing entry 97000 weight = 1
Processing entry 98000 weight = 1
Processing entry 99000 weight = 1
Processing entry 100000 weight = 1
Processing entry 101000 weight = 1
Processing entry 102000 weight = 1
Processing entry 103000 weight = 1
Processing entry 104000 weight = 1
Processing entry 105000 weight = 1
Processing entry 106000 weight = 1
Processing entry 107000 weight = 1
Processing entry 108000 weight = 1
Processing entry 109000 weight = 1
Processing entry 110000 weight = 1
Processing entry 111000 weight = 1
Processing entry 112000 weight = 1
Processing entry 113000 weight = 1
Processing entry 114000 weight = 1
Processing entry 115000 weight = 1
Processing entry 116000 weight = 1
Processing entry 117000 weight = 1
Processing entry 118000 weight = 1
Processing entry 119000 weight = 1
Processing entry 120000 weight = 1
Processing entry 121000 weight = 1
Processing entry 122000 weight = 1
Processing entry 123000 weight = 1
Processing entry 124000 weight = 1
Processing entry 125000 weight = 1
Processing entry 126000 weight = 1
Processing entry 127000 weight = 1
Processing entry 128000 weight = 1
Processing entry 129000 weight = 1
Processing entry 130000 weight = 1
Processing entry 131000 weight = 1
Processing entry 132000 weight = 1
Processing entry 133000 weight = 1
Processing entry 134000 weight = 1
Processing entry 135000 weight = 1
Processing entry 136000 weight = 1
Processing entry 137000 weight = 1
Processing entry 138000 weight = 1
Processing entry 139000 weight = 1
Processing entry 140000 weight = 1
Processing entry 141000 weight = 1
Processing entry 142000 weight = 1
Processing entry 143000 weight = 1
Processing entry 144000 weight = 1
Processing entry 145000 weight = 1
Processing entry 146000 weight = 1
Processing entry 147000 weight = 1
Processing entry 148000 weight = 1
Processing entry 149000 weight = 1
Processing entry 150000 weight = 1
Processing entry 151000 weight = 1
Processing entry 152000 weight = 1
Processing entry 153000 weight = 1
Processing entry 154000 weight = 1
Processing entry 155000 weight = 1
Processing entry 156000 weight = 1
Processing entry 157000 weight = 1
Processing entry 158000 weight = 1
Processing entry 159000 weight = 1
Processing entry 160000 weight = 1
Processing entry 161000 weight = 1
Processing entry 162000 weight = 1
Processing entry 163000 weight = 1
Processing entry 164000 weight = 1
Processing entry 165000 weight = 1
Processing entry 166000 weight = 1
Processing entry 167000 weight = 1
Processing entry 168000 weight = 1
Processing entry 169000 weight = 1
Processing entry 170000 weight = 1
Processing entry 171000 weight = 1
Processing entry 172000 weight = 1
Processing entry 173000 weight = 1
Processing entry 174000 weight = 1
Processing entry 175000 weight = 1
Processing entry 176000 weight = 1
Processing entry 177000 weight = 1
Processing entry 178000 weight = 1
Processing entry 179000 weight = 1
Processing entry 180000 weight = 1
Processing entry 181000 weight = 1
Processing entry 182000 weight = 1
Processing entry 183000 weight = 1
Processing entry 184000 weight = 1
Processing entry 185000 weight = 1
Processing entry 186000 weight = 1
Processing entry 187000 weight = 1
Processing entry 188000 weight = 1
Processing entry 189000 weight = 1
Processing entry 190000 weight = 1
Processing entry 191000 weight = 1
Processing entry 192000 weight = 1
Processing entry 193000 weight = 1
Processing entry 194000 weight = 1
Processing entry 195000 weight = 1
Processing entry 196000 weight = 1
Processing entry 197000 weight = 1
Processing entry 198000 weight = 1
Processing entry 199000 weight = 1
Processing entry 200000 weight = 1
Processing entry 201000 weight = 1
Processing entry 202000 weight = 1
Processing entry 203000 weight = 1
Processing entry 204000 weight = 1
Processing entry 205000 weight = 1
Processing entry 206000 weight = 1
Processing entry 207000 weight = 1
Processing entry 208000 weight = 1
Processing entry 209000 weight = 1
Processing entry 210000 weight = 1
Processing entry 211000 weight = 1
Processing entry 212000 weight = 1
Processing entry 213000 weight = 1
Processing entry 214000 weight = 1
Processing entry 215000 weight = 1
Processing entry 216000 weight = 1
Processing entry 217000 weight = 1
Processing entry 218000 weight = 1
Processing entry 219000 weight = 1
Processing entry 220000 weight = 1
Processing entry 221000 weight = 1
Processing entry 222000 weight = 1
Processing entry 223000 weight = 1
Processing entry 224000 weight = 1
Processing entry 225000 weight = 1
Processing entry 226000 weight = 1
Processing entry 227000 weight = 1
Processing entry 228000 weight = 1
Processing entry 229000 weight = 1
Processing entry 230000 weight = 1
Processing entry 231000 weight = 1
Processing entry 232000 weight = 1
Processing entry 233000 weight = 1
Processing entry 234000 weight = 1
Processing entry 235000 weight = 1
Processing entry 236000 weight = 1
Processing entry 237000 weight = 1
Processing entry 238000 weight = 1
Processing entry 239000 weight = 1
Processing entry 240000 weight = 1
Processing entry 241000 weight = 1
Processing entry 242000 weight = 1
Processing entry 243000 weight = 1
Processing entry 244000 weight = 1
Processing entry 245000 weight = 1
Processing entry 246000 weight = 1
Processing entry 247000 weight = 1
Processing entry 248000 weight = 1
Processing entry 249000 weight = 1
Processing entry 250000 weight = 1
Processing entry 251000 weight = 1
Processing entry 252000 weight = 1
Processing entry 253000 weight = 1
Processing entry 254000 weight = 1
Processing entry 255000 weight = 1
Processing entry 256000 weight = 1
Processing entry 257000 weight = 1
Processing entry 258000 weight = 1
Processing entry 259000 weight = 1
Processing entry 260000 weight = 1
Processing entry 261000 weight = 1
Processing entry 262000 weight = 1
Processing entry 263000 weight = 1
Processing entry 264000 weight = 1
Processing entry 265000 weight = 1
Processing entry 266000 weight = 1
Processing entry 267000 weight = 1
Processing entry 268000 weight = 1
Processing entry 269000 weight = 1
Processing entry 270000 weight = 1
Processing entry 271000 weight = 1
Processing entry 272000 weight = 1
Processing entry 273000 weight = 1
Processing entry 274000 weight = 1
Processing entry 275000 weight = 1
Processing entry 276000 weight = 1
Processing entry 277000 weight = 1
Processing entry 278000 weight = 1
Processing entry 279000 weight = 1
Processing entry 280000 weight = 1
Processing entry 281000 weight = 1
Processing entry 282000 weight = 1
Processing entry 283000 weight = 1
Processing entry 284000 weight = 1
Processing entry 285000 weight = 1
Processing entry 286000 weight = 1
Processing entry 287000 weight = 1
Processing entry 288000 weight = 1
Processing entry 289000 weight = 1
Processing entry 290000 weight = 1
Processing entry 291000 weight = 1
Processing entry 292000 weight = 1
Processing entry 293000 weight = 1
Processing entry 294000 weight = 1
Processing entry 295000 weight = 1
Processing entry 296000 weight = 1
Processing entry 297000 weight = 1
Processing entry 298000 weight = 1
Processing entry 299000 weight = 1
Processing entry 300000 weight = 1
Processing entry 301000 weight = 1
Processing entry 302000 weight = 1
Processing entry 303000 weight = 1
Processing entry 304000 weight = 1
Processing entry 305000 weight = 1
Processing entry 306000 weight = 1
Processing entry 307000 weight = 1
Processing entry 308000 weight = 1
Processing entry 309000 weight = 1
Processing entry 310000 weight = 1
Processing entry 311000 weight = 1
Processing entry 312000 weight = 1
Processing entry 313000 weight = 1
Processing entry 314000 weight = 1
Processing entry 315000 weight = 1
Processing entry 316000 weight = 1
Processing entry 317000 weight = 1
Processing entry 318000 weight = 1
Processing entry 319000 weight = 1
Processing entry 320000 weight = 1
Processing entry 321000 weight = 1
Processing entry 322000 weight = 1
Processing entry 323000 weight = 1
Processing entry 324000 weight = 1
Processing entry 325000 weight = 1
Processing entry 326000 weight = 1
Processing entry 327000 weight = 1
Processing entry 328000 weight = 1
Processing entry 329000 weight = 1
Processing entry 330000 weight = 1
Processing entry 331000 weight = 1
Processing entry 332000 weight = 1
Processing entry 333000 weight = 1
Processing entry 334000 weight = 1
Processing entry 335000 weight = 1
Processing entry 336000 weight = 1
Processing entry 337000 weight = 1
Processing entry 338000 weight = 1
Processing entry 339000 weight = 1
Processing entry 340000 weight = 1
Processing entry 341000 weight = 1
Processing entry 342000 weight = 1
Processing entry 343000 weight = 1
Processing entry 344000 weight = 1
Processing entry 345000 weight = 1
Processing entry 346000 weight = 1
Processing entry 347000 weight = 1
Processing entry 348000 weight = 1
Processing entry 349000 weight = 1
Processing entry 350000 weight = 1
Processing entry 351000 weight = 1
Processing entry 352000 weight = 1
Processing entry 353000 weight = 1
Processing entry 354000 weight = 1
Processing entry 355000 weight = 1
Processing entry 356000 weight = 1
Processing entry 357000 weight = 1
Processing entry 358000 weight = 1
Processing entry 359000 weight = 1
Processing entry 360000 weight = 1
Processing entry 361000 weight = 1
Processing entry 362000 weight = 1
Processing entry 363000 weight = 1
Processing entry 364000 weight = 1
Processing entry 365000 weight = 1
Processing entry 366000 weight = 1
Processing entry 367000 weight = 1
Processing entry 368000 weight = 1
Processing entry 369000 weight = 1
Processing entry 370000 weight = 1
Processing entry 371000 weight = 1
Processing entry 372000 weight = 1
Processing entry 373000 weight = 1
Processing entry 374000 weight = 1
Processing entry 375000 weight = 1
Processing entry 376000 weight = 1
Processing entry 377000 weight = 1
Processing entry 378000 weight = 1
Processing entry 379000 weight = 1
Processing entry 380000 weight = 1
Processing entry 381000 weight = 1
Processing entry 382000 weight = 1
Processing entry 383000 weight = 1
Processing entry 384000 weight = 1
Processing entry 385000 weight = 1
Processing entry 386000 weight = 1
Processing entry 387000 weight = 1
Processing entry 388000 weight = 1
Processing entry 389000 weight = 1
Processing entry 390000 weight = 1
Processing entry 391000 weight = 1
Processing entry 392000 weight = 1
Processing entry 393000 weight = 1
Processing entry 394000 weight = 1
Processing entry 395000 weight = 1
Processing entry 396000 weight = 1
Processing entry 397000 weight = 1
Processing entry 398000 weight = 1
Processing entry 399000 weight = 1
Processing entry 400000 weight = 1
Processing entry 401000 weight = 1
Processing entry 402000 weight = 1
Processing entry 403000 weight = 1
Processing entry 404000 weight = 1
Processing entry 405000 weight = 1
Processing entry 406000 weight = 1
Processing entry 407000 weight = 1
Processing entry 408000 weight = 1
Processing entry 409000 weight = 1
Processing entry 410000 weight = 1
Processing entry 411000 weight = 1
Processing entry 412000 weight = 1
Processing entry 413000 weight = 1
Processing entry 414000 weight = 1
Processing entry 415000 weight = 1
Processing entry 416000 weight = 1
Processing entry 417000 weight = 1
Processing entry 418000 weight = 1
Processing entry 419000 weight = 1
Processing entry 420000 weight = 1
Processing entry 421000 weight = 1
Processing entry 422000 weight = 1
Processing entry 423000 weight = 1
Processing entry 424000 weight = 1
Processing entry 425000 weight = 1
Processing entry 426000 weight = 1
Processing entry 427000 weight = 1
Processing entry 428000 weight = 1
Processing entry 429000 weight = 1
Processing entry 430000 weight = 1
Processing entry 431000 weight = 1
Processing entry 432000 weight = 1
Processing entry 433000 weight = 1
Processing entry 434000 weight = 1
Processing entry 435000 weight = 1
Processing entry 436000 weight = 1
Processing entry 437000 weight = 1
Processing entry 438000 weight = 1
Processing entry 439000 weight = 1
Processing entry 440000 weight = 1
Processing entry 441000 weight = 1
Processing entry 442000 weight = 1
Processing entry 443000 weight = 1
Processing entry 444000 weight = 1
Processing entry 445000 weight = 1
Processing entry 446000 weight = 1
Processing entry 447000 weight = 1
Processing entry 448000 weight = 1
Processing entry 449000 weight = 1
Processing entry 450000 weight = 1
Processing entry 451000 weight = 1
Processing entry 452000 weight = 1
Processing entry 453000 weight = 1
Processing entry 454000 weight = 1
Processing entry 455000 weight = 1
Processing entry 456000 weight = 1
Processing entry 457000 weight = 1
Processing entry 458000 weight = 1
Processing entry 459000 weight = 1
Processing entry 460000 weight = 1
Processing entry 461000 weight = 1
Processing entry 462000 weight = 1
Processing entry 463000 weight = 1
Processing entry 464000 weight = 1
Processing entry 465000 weight = 1
Processing entry 466000 weight = 1
Processing entry 467000 weight = 1
Processing entry 468000 weight = 1
Processing entry 469000 weight = 1
Processing entry 470000 weight = 1
Processing entry 471000 weight = 1
Processing entry 472000 weight = 1
Processing entry 473000 weight = 1
Processing entry 474000 weight = 1
Processing entry 475000 weight = 1
Processing entry 476000 weight = 1
Processing entry 477000 weight = 1
Processing entry 478000 weight = 1
Processing entry 479000 weight = 1
Processing entry 480000 weight = 1
Processing entry 481000 weight = 1
Processing entry 482000 weight = 1
Processing entry 483000 weight = 1
Processing entry 484000 weight = 1
Processing entry 485000 weight = 1
Processing entry 486000 weight = 1
Processing entry 487000 weight = 1
Processing entry 488000 weight = 1
Processing entry 489000 weight = 1
Processing entry 490000 weight = 1
Processing entry 491000 weight = 1
Processing entry 492000 weight = 1
Processing entry 493000 weight = 1
Processing entry 494000 weight = 1
Processing entry 495000 weight = 1
Processing entry 496000 weight = 1
Processing entry 497000 weight = 1
Processing entry 498000 weight = 1
Processing entry 499000 weight = 1
Processing entry 500000 weight = 1
Processing entry 501000 weight = 1
Processing entry 502000 weight = 1
Processing entry 503000 weight = 1
Processing entry 504000 weight = 1
Processing entry 505000 weight = 1
Processing entry 506000 weight = 1
Processing entry 507000 weight = 1
Processing entry 508000 weight = 1
Processing entry 509000 weight = 1
Processing entry 510000 weight = 1
Processing entry 511000 weight = 1
Processing entry 512000 weight = 1
Processing entry 513000 weight = 1
Processing entry 514000 weight = 1
Processing entry 515000 weight = 1
Processing entry 516000 weight = 1
Processing entry 517000 weight = 1
Processing entry 518000 weight = 1
Processing entry 519000 weight = 1
Processing entry 520000 weight = 1
Processing entry 521000 weight = 1
Processing entry 522000 weight = 1
Processing entry 523000 weight = 1
Processing entry 524000 weight = 1
Processing entry 525000 weight = 1
Processing entry 526000 weight = 1
Processing entry 527000 weight = 1
Processing entry 528000 weight = 1
Processing entry 529000 weight = 1
Processing entry 530000 weight = 1
Processing entry 531000 weight = 1
Processing entry 532000 weight = 1
Processing entry 533000 weight = 1
Processing entry 534000 weight = 1
Processing entry 535000 weight = 1
Processing entry 536000 weight = 1
Processing entry 537000 weight = 1
Processing entry 538000 weight = 1
Processing entry 539000 weight = 1
Processing entry 540000 weight = 1
Processing entry 541000 weight = 1
Processing entry 542000 weight = 1
Processing entry 543000 weight = 1
Processing entry 544000 weight = 1
Processing entry 545000 weight = 1
Processing entry 546000 weight = 1
Processing entry 547000 weight = 1
Processing entry 548000 weight = 1
Processing entry 549000 weight = 1
Processing entry 550000 weight = 1
Processing entry 551000 weight = 1
Processing entry 552000 weight = 1
Processing entry 553000 weight = 1
Processing entry 554000 weight = 1
Processing entry 555000 weight = 1
Processing entry 556000 weight = 1
Processing entry 557000 weight = 1
Processing entry 558000 weight = 1
Processing entry 559000 weight = 1
Processing entry 560000 weight = 1
Processing entry 561000 weight = 1
Processing entry 562000 weight = 1
Processing entry 563000 weight = 1
Processing entry 564000 weight = 1
Processing entry 565000 weight = 1
Processing entry 566000 weight = 1
Processing entry 567000 weight = 1
Processing entry 568000 weight = 1
Processing entry 569000 weight = 1
Processing entry 570000 weight = 1
Processing entry 571000 weight = 1
Processing entry 572000 weight = 1
Processing entry 573000 weight = 1
Processing entry 574000 weight = 1
Processing entry 575000 weight = 1
Processing entry 576000 weight = 1
Processing entry 577000 weight = 1
Processing entry 578000 weight = 1
Processing entry 579000 weight = 1
Processing entry 580000 weight = 1
Processing entry 581000 weight = 1
Processing entry 582000 weight = 1
Processing entry 583000 weight = 1
Processing entry 584000 weight = 1
Processing entry 585000 weight = 1
Processing entry 586000 weight = 1
Processing entry 587000 weight = 1
Processing entry 588000 weight = 1
Processing entry 589000 weight = 1
Processing entry 590000 weight = 1
Processing entry 591000 weight = 1
Processing entry 592000 weight = 1
Processing entry 593000 weight = 1
Processing entry 594000 weight = 1
Processing entry 595000 weight = 1
Processing entry 596000 weight = 1
Processing entry 597000 weight = 1
Processing entry 598000 weight = 1
Processing entry 599000 weight = 1
Processing entry 600000 weight = 1
Processing entry 601000 weight = 1
Processing entry 602000 weight = 1
Processing entry 603000 weight = 1
Processing entry 604000 weight = 1
Processing entry 605000 weight = 1
Processing entry 606000 weight = 1
Processing entry 607000 weight = 1
Processing entry 608000 weight = 1
Processing entry 609000 weight = 1
Processing entry 610000 weight = 1
Processing entry 611000 weight = 1
Processing entry 612000 weight = 1
Processing entry 613000 weight = 1
Processing entry 614000 weight = 1
Processing entry 615000 weight = 1
Processing entry 616000 weight = 1
Processing entry 617000 weight = 1
Processing entry 618000 weight = 1
Processing entry 619000 weight = 1
Processing entry 620000 weight = 1
Processing entry 621000 weight = 1
Processing entry 622000 weight = 1
Processing entry 623000 weight = 1
Processing entry 624000 weight = 1
Processing entry 625000 weight = 1
Processing entry 626000 weight = 1
Processing entry 627000 weight = 1
Processing entry 628000 weight = 1
Processing entry 629000 weight = 1
Processing entry 630000 weight = 1
Processing entry 631000 weight = 1
Processing entry 632000 weight = 1
Processing entry 633000 weight = 1
Processing entry 634000 weight = 1
Processing entry 635000 weight = 1
Processing entry 636000 weight = 1
Processing entry 637000 weight = 1
Processing entry 638000 weight = 1
Processing entry 639000 weight = 1
Processing entry 640000 weight = 1
Processing entry 641000 weight = 1
Processing entry 642000 weight = 1
Processing entry 643000 weight = 1
Processing entry 644000 weight = 1
Processing entry 645000 weight = 1
Processing entry 646000 weight = 1
Processing entry 647000 weight = 1
Processing entry 648000 weight = 1
Processing entry 649000 weight = 1
Processing entry 650000 weight = 1
Processing entry 651000 weight = 1
Processing entry 652000 weight = 1
Processing entry 653000 weight = 1
Processing entry 654000 weight = 1
Processing entry 655000 weight = 1
Processing entry 656000 weight = 1
Processing entry 657000 weight = 1
Processing entry 658000 weight = 1
Processing entry 659000 weight = 1
Processing entry 660000 weight = 1
Processing entry 661000 weight = 1
Processing entry 662000 weight = 1
Processing entry 663000 weight = 1
Processing entry 664000 weight = 1
Processing entry 665000 weight = 1
Processing entry 666000 weight = 1
Processing entry 667000 weight = 1
Processing entry 668000 weight = 1
Processing entry 669000 weight = 1
Processing entry 670000 weight = 1
Processing entry 671000 weight = 1
Processing entry 672000 weight = 1
Processing entry 673000 weight = 1
Processing entry 674000 weight = 1
Processing entry 675000 weight = 1
Processing entry 676000 weight = 1
Processing entry 677000 weight = 1
Processing entry 678000 weight = 1
Processing entry 679000 weight = 1
Processing entry 680000 weight = 1
Processing entry 681000 weight = 1
Processing entry 682000 weight = 1
Processing entry 683000 weight = 1
Processing entry 684000 weight = 1
Processing entry 685000 weight = 1
Processing entry 686000 weight = 1
Processing entry 687000 weight = 1
Processing entry 688000 weight = 1
Processing entry 689000 weight = 1
Processing entry 690000 weight = 1
Processing entry 691000 weight = 1
Processing entry 692000 weight = 1
Processing entry 693000 weight = 1
Processing entry 694000 weight = 1
Processing entry 695000 weight = 1
Processing entry 696000 weight = 1
Processing entry 697000 weight = 1
Processing entry 698000 weight = 1
Processing entry 699000 weight = 1
Processing entry 700000 weight = 1
Processing entry 701000 weight = 1
Processing entry 702000 weight = 1
Processing entry 703000 weight = 1
Processing entry 704000 weight = 1
Processing entry 705000 weight = 1
Processing entry 706000 weight = 1
Processing entry 707000 weight = 1
Processing entry 708000 weight = 1
Processing entry 709000 weight = 1
Processing entry 710000 weight = 1
Processing entry 711000 weight = 1
Processing entry 712000 weight = 1
Processing entry 713000 weight = 1
Processing entry 714000 weight = 1
Processing entry 715000 weight = 1
Processing entry 716000 weight = 1
Processing entry 717000 weight = 1
Processing entry 718000 weight = 1
Processing entry 719000 weight = 1
Processing entry 720000 weight = 1
Processing entry 721000 weight = 1
Processing entry 722000 weight = 1
Processing entry 723000 weight = 1
Processing entry 724000 weight = 1
Processing entry 725000 weight = 1
Processing entry 726000 weight = 1
Processing entry 727000 weight = 1
Processing entry 728000 weight = 1
Processing entry 729000 weight = 1
Processing entry 730000 weight = 1
Processing entry 731000 weight = 1
Processing entry 732000 weight = 1
Processing entry 733000 weight = 1
Processing entry 734000 weight = 1
Processing entry 735000 weight = 1
Processing entry 736000 weight = 1
Processing entry 737000 weight = 1
Processing entry 738000 weight = 1
Processing entry 739000 weight = 1
Processing entry 740000 weight = 1
Processing entry 741000 weight = 1
Processing entry 742000 weight = 1
Processing entry 743000 weight = 1
Processing entry 744000 weight = 1
Processing entry 745000 weight = 1
Processing entry 746000 weight = 1
Processing entry 747000 weight = 1
Processing entry 748000 weight = 1
Processing entry 749000 weight = 1
Processing entry 750000 weight = 1
Processing entry 751000 weight = 1
Processing entry 752000 weight = 1
Processing entry 753000 weight = 1
Processing entry 754000 weight = 1
Processing entry 755000 weight = 1
Processing entry 756000 weight = 1
Processing entry 757000 weight = 1
Processing entry 758000 weight = 1
Processing entry 759000 weight = 1
Processing entry 760000 weight = 1
Processing entry 761000 weight = 1
Processing entry 762000 weight = 1
Processing entry 763000 weight = 1
Processing entry 764000 weight = 1
Processing entry 765000 weight = 1
Processing entry 766000 weight = 1
Processing entry 767000 weight = 1
Processing entry 768000 weight = 1
Processing entry 769000 weight = 1
Processing entry 770000 weight = 1
Processing entry 771000 weight = 1
Processing entry 772000 weight = 1
Processing entry 773000 weight = 1
Processing entry 774000 weight = 1
Processing entry 775000 weight = 1
Processing entry 776000 weight = 1
Processing entry 777000 weight = 1
Processing entry 778000 weight = 1
Processing entry 779000 weight = 1
Processing entry 780000 weight = 1
Processing entry 781000 weight = 1
Processing entry 782000 weight = 1
Processing entry 783000 weight = 1
Processing entry 784000 weight = 1
Processing entry 785000 weight = 1
Processing entry 786000 weight = 1
Processing entry 787000 weight = 1
Processing entry 788000 weight = 1
Processing entry 789000 weight = 1
Processing entry 790000 weight = 1
Processing entry 791000 weight = 1
Processing entry 792000 weight = 1
Processing entry 793000 weight = 1
Processing entry 794000 weight = 1
Processing entry 795000 weight = 1
Processing entry 796000 weight = 1
Processing entry 797000 weight = 1
Processing entry 798000 weight = 1
Processing entry 799000 weight = 1
Processing entry 800000 weight = 1
Processing entry 801000 weight = 1
Processing entry 802000 weight = 1
Processing entry 803000 weight = 1
Processing entry 804000 weight = 1
Processing entry 805000 weight = 1
Processing entry 806000 weight = 1
Processing entry 807000 weight = 1
Processing entry 808000 weight = 1
Processing entry 809000 weight = 1
Processing entry 810000 weight = 1
Processing entry 811000 weight = 1
Processing entry 812000 weight = 1
Processing entry 813000 weight = 1
Processing entry 814000 weight = 1
Processing entry 815000 weight = 1
Processing entry 816000 weight = 1
Processing entry 817000 weight = 1
Processing entry 818000 weight = 1
Processing entry 819000 weight = 1
Processing entry 820000 weight = 1
Processing entry 821000 weight = 1
Processing entry 822000 weight = 1
Processing entry 823000 weight = 1
Processing entry 824000 weight = 1
Processing entry 825000 weight = 1
Processing entry 826000 weight = 1
Processing entry 827000 weight = 1
Processing entry 828000 weight = 1
Processing entry 829000 weight = 1
Processing entry 830000 weight = 1
Processing entry 831000 weight = 1
Processing entry 832000 weight = 1
Processing entry 833000 weight = 1
Processing entry 834000 weight = 1
Processing entry 835000 weight = 1
Processing entry 836000 weight = 1
Processing entry 837000 weight = 1
Processing entry 838000 weight = 1
Processing entry 839000 weight = 1
Processing entry 840000 weight = 1
Processing entry 841000 weight = 1
Processing entry 842000 weight = 1
Processing entry 843000 weight = 1
Processing entry 844000 weight = 1
Processing entry 845000 weight = 1
Processing entry 846000 weight = 1
Processing entry 847000 weight = 1
Processing entry 848000 weight = 1
Processing entry 849000 weight = 1
Processing entry 850000 weight = 1
Processing entry 851000 weight = 1
Processing entry 852000 weight = 1
Processing entry 853000 weight = 1
Processing entry 854000 weight = 1
Processing entry 855000 weight = 1
Processing entry 856000 weight = 1
Processing entry 857000 weight = 1
Processing entry 858000 weight = 1
Processing entry 859000 weight = 1
Processing entry 860000 weight = 1
Processing entry 861000 weight = 1
Processing entry 862000 weight = 1
Processing entry 863000 weight = 1
Processing entry 864000 weight = 1
Processing entry 865000 weight = 1
Processing entry 866000 weight = 1
Processing entry 867000 weight = 1
Processing entry 868000 weight = 1
Processing entry 869000 weight = 1
Processing entry 870000 weight = 1
Processing entry 871000 weight = 1
Processing entry 872000 weight = 1
Processing entry 873000 weight = 1
Processing entry 874000 weight = 1
Processing entry 875000 weight = 1
Processing entry 876000 weight = 1
Processing entry 877000 weight = 1
Processing entry 878000 weight = 1
Processing entry 879000 weight = 1
Processing entry 880000 weight = 1
Processing entry 881000 weight = 1
Processing entry 882000 weight = 1
Processing entry 883000 weight = 1
Processing entry 884000 weight = 1
Processing entry 885000 weight = 1
Processing entry 886000 weight = 1
Processing entry 887000 weight = 1
Processing entry 888000 weight = 1
Processing entry 889000 weight = 1
Processing entry 890000 weight = 1
Processing entry 891000 weight = 1
Processing entry 892000 weight = 1
Processing entry 893000 weight = 1
Processing entry 894000 weight = 1
Processing entry 895000 weight = 1
Processing entry 896000 weight = 1
Processing entry 897000 weight = 1
Processing entry 898000 weight = 1
Processing entry 899000 weight = 1
Processing entry 900000 weight = 1
Processing entry 901000 weight = 1
Processing entry 902000 weight = 1
Processing entry 903000 weight = 1
Processing entry 904000 weight = 1
Processing entry 905000 weight = 1
Processing entry 906000 weight = 1
Processing entry 907000 weight = 1
Processing entry 908000 weight = 1
Processing entry 909000 weight = 1
Processing entry 910000 weight = 1
Processing entry 911000 weight = 1
Processing entry 912000 weight = 1
Processing entry 913000 weight = 1
Processing entry 914000 weight = 1
Processing entry 915000 weight = 1
Processing entry 916000 weight = 1
Processing entry 917000 weight = 1
Processing entry 918000 weight = 1
Processing entry 919000 weight = 1
Processing entry 920000 weight = 1
Processing entry 921000 weight = 1
Processing entry 922000 weight = 1
Processing entry 923000 weight = 1
Processing entry 924000 weight = 1
Processing entry 925000 weight = 1
Processing entry 926000 weight = 1
Processing entry 927000 weight = 1
Processing entry 928000 weight = 1
Processing entry 929000 weight = 1
Processing entry 930000 weight = 1
Processing entry 931000 weight = 1
Processing entry 932000 weight = 1
Processing entry 933000 weight = 1
Processing entry 934000 weight = 1
Processing entry 935000 weight = 1
Processing entry 936000 weight = 1
Processing entry 937000 weight = 1
Processing entry 938000 weight = 1
Processing entry 939000 weight = 1
Processing entry 940000 weight = 1
Processing entry 941000 weight = 1
Processing entry 942000 weight = 1
Processing entry 943000 weight = 1
Processing entry 944000 weight = 1
Processing entry 945000 weight = 1
Processing entry 946000 weight = 1
Processing entry 947000 weight = 1
Processing entry 948000 weight = 1
Processing entry 949000 weight = 1
Processing entry 950000 weight = 1
Processing entry 951000 weight = 1
Processing entry 952000 weight = 1
Processing entry 953000 weight = 1
Processing entry 954000 weight = 1
Processing entry 955000 weight = 1
Processing entry 956000 weight = 1
Processing entry 957000 weight = 1
Processing entry 958000 weight = 1
Processing entry 959000 weight = 1
Processing entry 960000 weight = 1
Processing entry 961000 weight = 1
Processing entry 962000 weight = 1
Processing entry 963000 weight = 1
Processing entry 964000 weight = 1
Processing entry 965000 weight = 1
Processing entry 966000 weight = 1
Processing entry 967000 weight = 1
Processing entry 968000 weight = 1
Processing entry 969000 weight = 1
Processing entry 970000 weight = 1
Processing entry 971000 weight = 1
Processing entry 972000 weight = 1
Processing entry 973000 weight = 1
Processing entry 974000 weight = 1
Processing entry 975000 weight = 1
Processing entry 976000 weight = 1
Processing entry 977000 weight = 1
Processing entry 978000 weight = 1
Processing entry 979000 weight = 1
Processing entry 980000 weight = 1
Processing entry 981000 weight = 1
Processing entry 982000 weight = 1
Processing entry 983000 weight = 1
Processing entry 984000 weight = 1
Processing entry 985000 weight = 1
Processing entry 986000 weight = 1
Processing entry 987000 weight = 1
Processing entry 988000 weight = 1
Processing entry 989000 weight = 1
Processing entry 990000 weight = 1
Processing entry 991000 weight = 1
Processing entry 992000 weight = 1
Processing entry 993000 weight = 1
Processing entry 994000 weight = 1
Processing entry 995000 weight = 1
Processing entry 996000 weight = 1
Processing entry 997000 weight = 1
Processing entry 998000 weight = 1
Processing entry 999000 weight = 1
Processing entry 1000000 weight = 1
Processing entry 1001000 weight = 1
Processing entry 1002000 weight = 1
Processing entry 1003000 weight = 1
Processing entry 1004000 weight = 1
Processing entry 1005000 weight = 1
Processing entry 1006000 weight = 1
Processing entry 1007000 weight = 1
Processing entry 1008000 weight = 1
Processing entry 1009000 weight = 1
Processing entry 1010000 weight = 1
Processing entry 1011000 weight = 1
Processing entry 1012000 weight = 1
Processing entry 1013000 weight = 1
Processing entry 1014000 weight = 1
Processing entry 1015000 weight = 1
Processing entry 1016000 weight = 1
Processing entry 1017000 weight = 1
Processing entry 1018000 weight = 1
Processing entry 1019000 weight = 1
Processing entry 1020000 weight = 1
Processing entry 1021000 weight = 1
Processing entry 1022000 weight = 1
Processing entry 1023000 weight = 1
Processing entry 1024000 weight = 1
Processing entry 1025000 weight = 1
Processing entry 1026000 weight = 1
Processing entry 1027000 weight = 1
Processing entry 1028000 weight = 1
Processing entry 1029000 weight = 1
Processing entry 1030000 weight = 1
Processing entry 1031000 weight = 1
Processing entry 1032000 weight = 1
Processing entry 1033000 weight = 1
Processing entry 1034000 weight = 1
Processing entry 1035000 weight = 1
Processing entry 1036000 weight = 1
Processing entry 1037000 weight = 1
Processing entry 1038000 weight = 1
Processing entry 1039000 weight = 1
Processing entry 1040000 weight = 1
Processing entry 1041000 weight = 1
Processing entry 1042000 weight = 1
Processing entry 1043000 weight = 1
Processing entry 1044000 weight = 1
Processing entry 1045000 weight = 1
Processing entry 1046000 weight = 1
Processing entry 1047000 weight = 1
Processing entry 1048000 weight = 1
Processing entry 1049000 weight = 1
Processing entry 1050000 weight = 1
Processing entry 1051000 weight = 1
Processing entry 1052000 weight = 1
Processing entry 1053000 weight = 1
Processing entry 1054000 weight = 1
Processing entry 1055000 weight = 1
Processing entry 1056000 weight = 1
Processing entry 1057000 weight = 1
Processing entry 1058000 weight = 1
Processing entry 1059000 weight = 1
Processing entry 1060000 weight = 1
Processing entry 1061000 weight = 1
Processing entry 1062000 weight = 1
Processing entry 1063000 weight = 1
Processing entry 1064000 weight = 1
Processing entry 1065000 weight = 1
Processing entry 1066000 weight = 1
Processing entry 1067000 weight = 1
Processing entry 1068000 weight = 1
Processing entry 1069000 weight = 1
Processing entry 1070000 weight = 1
Processing entry 1071000 weight = 1
Processing entry 1072000 weight = 1
Processing entry 1073000 weight = 1
Processing entry 1074000 weight = 1
Processing entry 1075000 weight = 1
Processing entry 1076000 weight = 1
Processing entry 1077000 weight = 1
Processing entry 1078000 weight = 1
Processing entry 1079000 weight = 1
Processing entry 1080000 weight = 1
Processing entry 1081000 weight = 1
Processing entry 1082000 weight = 1
Processing entry 1083000 weight = 1
Processing entry 1084000 weight = 1
Processing entry 1085000 weight = 1
Processing entry 1086000 weight = 1
Processing entry 1087000 weight = 1
Processing entry 1088000 weight = 1
Processing entry 1089000 weight = 1
Processing entry 1090000 weight = 1
Processing entry 1091000 weight = 1
Processing entry 1092000 weight = 1
Processing entry 1093000 weight = 1
Processing entry 1094000 weight = 1
Processing entry 1095000 weight = 1
Processing entry 1096000 weight = 1
Processing entry 1097000 weight = 1
Processing entry 1098000 weight = 1
Processing entry 1099000 weight = 1
Processing entry 1100000 weight = 1
Processing entry 1101000 weight = 1
Processing entry 1102000 weight = 1
Processing entry 1103000 weight = 1
Processing entry 1104000 weight = 1
Processing entry 1105000 weight = 1
Processing entry 1106000 weight = 1
Processing entry 1107000 weight = 1
Processing entry 1108000 weight = 1
Processing entry 1109000 weight = 1
Processing entry 1110000 weight = 1
Processing entry 1111000 weight = 1
Processing entry 1112000 weight = 1
Processing entry 1113000 weight = 1
Processing entry 1114000 weight = 1
Processing entry 1115000 weight = 1
Processing entry 1116000 weight = 1
Processing entry 1117000 weight = 1
Processing entry 1118000 weight = 1
Processing entry 1119000 weight = 1
Processing entry 1120000 weight = 1
Processing entry 1121000 weight = 1
Processing entry 1122000 weight = 1
Processing entry 1123000 weight = 1
Processing entry 1124000 weight = 1
Processing entry 1125000 weight = 1
Processing entry 1126000 weight = 1
Processing entry 1127000 weight = 1
Processing entry 1128000 weight = 1
Processing entry 1129000 weight = 1
Processing entry 1130000 weight = 1
Processing entry 1131000 weight = 1
Processing entry 1132000 weight = 1
Processing entry 1133000 weight = 1
Processing entry 1134000 weight = 1
Processing entry 1135000 weight = 1
Processing entry 1136000 weight = 1
Processing entry 1137000 weight = 1
Processing entry 1138000 weight = 1
Processing entry 1139000 weight = 1
Processing entry 1140000 weight = 1
Processing entry 1141000 weight = 1
Processing entry 1142000 weight = 1
Processing entry 1143000 weight = 1
Processing entry 1144000 weight = 1
Processing entry 1145000 weight = 1
Processing entry 1146000 weight = 1
Processing entry 1147000 weight = 1
Processing entry 1148000 weight = 1
Processing entry 1149000 weight = 1
Processing entry 1150000 weight = 1
Processing entry 1151000 weight = 1
Processing entry 1152000 weight = 1
Processing entry 1153000 weight = 1
Processing entry 1154000 weight = 1
Processing entry 1155000 weight = 1
Processing entry 1156000 weight = 1
Processing entry 1157000 weight = 1
Processing entry 1158000 weight = 1
Processing entry 1159000 weight = 1
Processing entry 1160000 weight = 1
Processing entry 1161000 weight = 1
Processing entry 1162000 weight = 1
Processing entry 1163000 weight = 1
Processing entry 1164000 weight = 1
Processing entry 1165000 weight = 1
Processing entry 1166000 weight = 1
Processing entry 1167000 weight = 1
Processing entry 1168000 weight = 1
Processing entry 1169000 weight = 1
Processing entry 1170000 weight = 1
Processing entry 1171000 weight = 1
Processing entry 1172000 weight = 1
Processing entry 1173000 weight = 1
Processing entry 1174000 weight = 1
Processing entry 1175000 weight = 1
Processing entry 1176000 weight = 1
Processing entry 1177000 weight = 1
Processing entry 1178000 weight = 1
Processing entry 1179000 weight = 1
Processing entry 1180000 weight = 1
Processing entry 1181000 weight = 1
Processing entry 1182000 weight = 1
Processing entry 1183000 weight = 1
Processing entry 1184000 weight = 1
Processing entry 1185000 weight = 1
Processing entry 1186000 weight = 1
Processing entry 1187000 weight = 1
Processing entry 1188000 weight = 1
Processing entry 1189000 weight = 1
Processing entry 1190000 weight = 1
Processing entry 1191000 weight = 1
Processing entry 1192000 weight = 1
Processing entry 1193000 weight = 1
Processing entry 1194000 weight = 1
Processing entry 1195000 weight = 1
Processing entry 1196000 weight = 1
Processing entry 1197000 weight = 1
Processing entry 1198000 weight = 1
Processing entry 1199000 weight = 1
Processing entry 1200000 weight = 1
Processing entry 1201000 weight = 1
Processing entry 1202000 weight = 1
Processing entry 1203000 weight = 1
Processing entry 1204000 weight = 1
Processing entry 1205000 weight = 1
Processing entry 1206000 weight = 1
Processing entry 1207000 weight = 1
Processing entry 1208000 weight = 1
Processing entry 1209000 weight = 1
Processing entry 1210000 weight = 1
Processing entry 1211000 weight = 1
Processing entry 1212000 weight = 1
Processing entry 1213000 weight = 1
Processing entry 1214000 weight = 1
Processing entry 1215000 weight = 1
Processing entry 1216000 weight = 1
Processing entry 1217000 weight = 1
Processing entry 1218000 weight = 1
Processing entry 1219000 weight = 1
Processing entry 1220000 weight = 1
Processing entry 1221000 weight = 1
Processing entry 1222000 weight = 1
Processing entry 1223000 weight = 1
Processing entry 1224000 weight = 1
Processing entry 1225000 weight = 1
Processing entry 1226000 weight = 1
Processing entry 1227000 weight = 1
Processing entry 1228000 weight = 1
Processing entry 1229000 weight = 1
Processing entry 1230000 weight = 1
Processing entry 1231000 weight = 1
Processing entry 1232000 weight = 1
Processing entry 1233000 weight = 1
Processing entry 1234000 weight = 1
Processing entry 1235000 weight = 1
Processing entry 1236000 weight = 1
Processing entry 1237000 weight = 1
Processing entry 1238000 weight = 1
Processing entry 1239000 weight = 1
Processing entry 1240000 weight = 1
Processing entry 1241000 weight = 1
Processing entry 1242000 weight = 1
Processing entry 1243000 weight = 1
Processing entry 1244000 weight = 1
Processing entry 1245000 weight = 1
Processing entry 1246000 weight = 1
Processing entry 1247000 weight = 1
Processing entry 1248000 weight = 1
Processing entry 1249000 weight = 1
Processing entry 1250000 weight = 1
Processing entry 1251000 weight = 1
Processing entry 1252000 weight = 1
Processing entry 1253000 weight = 1
Processing entry 1254000 weight = 1
Processing entry 1255000 weight = 1
Processing entry 1256000 weight = 1
Processing entry 1257000 weight = 1
Processing entry 1258000 weight = 1
Processing entry 1259000 weight = 1
Processing entry 1260000 weight = 1
Processing entry 1261000 weight = 1
Processing entry 1262000 weight = 1
Processing entry 1263000 weight = 1
Processing entry 1264000 weight = 1
Processing entry 1265000 weight = 1
Processing entry 1266000 weight = 1
Processing entry 1267000 weight = 1
Processing entry 1268000 weight = 1
Processing entry 1269000 weight = 1
Processing entry 1270000 weight = 1
Processing entry 1271000 weight = 1
Processing entry 1272000 weight = 1
Processing entry 1273000 weight = 1
Processing entry 1274000 weight = 1
Processing entry 1275000 weight = 1
Processing entry 1276000 weight = 1
Processing entry 1277000 weight = 1
Processing entry 1278000 weight = 1
Processing entry 1279000 weight = 1
Processing entry 1280000 weight = 1
Processing entry 1281000 weight = 1
Processing entry 1282000 weight = 1
Processing entry 1283000 weight = 1
Processing entry 1284000 weight = 1
Processing entry 1285000 weight = 1
Processing entry 1286000 weight = 1
Processing entry 1287000 weight = 1
Processing entry 1288000 weight = 1
Processing entry 1289000 weight = 1
Processing entry 1290000 weight = 1
Processing entry 1291000 weight = 1
Processing entry 1292000 weight = 1
Processing entry 1293000 weight = 1
Processing entry 1294000 weight = 1
Processing entry 1295000 weight = 1
Processing entry 1296000 weight = 1
Processing entry 1297000 weight = 1
Processing entry 1298000 weight = 1
Processing entry 1299000 weight = 1
Processing entry 1300000 weight = 1
Processing entry 1301000 weight = 1
Processing entry 1302000 weight = 1
Processing entry 1303000 weight = 1
Processing entry 1304000 weight = 1
Processing entry 1305000 weight = 1
Processing entry 1306000 weight = 1
Processing entry 1307000 weight = 1
Processing entry 1308000 weight = 1
Processing entry 1309000 weight = 1
Processing entry 1310000 weight = 1
Processing entry 1311000 weight = 1
Processing entry 1312000 weight = 1
Processing entry 1313000 weight = 1
Processing entry 1314000 weight = 1
Processing entry 1315000 weight = 1
Processing entry 1316000 weight = 1
Processing entry 1317000 weight = 1
Processing entry 1318000 weight = 1
Processing entry 1319000 weight = 1
Processing entry 1320000 weight = 1
Processing entry 1321000 weight = 1
Processing entry 1322000 weight = 1
Processing entry 1323000 weight = 1
Processing entry 1324000 weight = 1
Processing entry 1325000 weight = 1
Processing entry 1326000 weight = 1
Processing entry 1327000 weight = 1
Processing entry 1328000 weight = 1
Processing entry 1329000 weight = 1
Processing entry 1330000 weight = 1
Processing entry 1331000 weight = 1
Processing entry 1332000 weight = 1
Processing entry 1333000 weight = 1
Processing entry 1334000 weight = 1
Processing entry 1335000 weight = 1
Processing entry 1336000 weight = 1
Processing entry 1337000 weight = 1
Processing entry 1338000 weight = 1
Processing entry 1339000 weight = 1
Processing entry 1340000 weight = 1
Processing entry 1341000 weight = 1
Processing entry 1342000 weight = 1
Processing entry 1343000 weight = 1
Processing entry 1344000 weight = 1
Processing entry 1345000 weight = 1
Processing entry 1346000 weight = 1
Processing entry 1347000 weight = 1
Processing entry 1348000 weight = 1
Processing entry 1349000 weight = 1
Processing entry 1350000 weight = 1
Processing entry 1351000 weight = 1
Processing entry 1352000 weight = 1
Processing entry 1353000 weight = 1
Processing entry 1354000 weight = 1
Processing entry 1355000 weight = 1
Processing entry 1356000 weight = 1
Processing entry 1357000 weight = 1
Processing entry 1358000 weight = 1
Processing entry 1359000 weight = 1
Processing entry 1360000 weight = 1
Processing entry 1361000 weight = 1
Processing entry 1362000 weight = 1
Processing entry 1363000 weight = 1
Processing entry 1364000 weight = 1
Processing entry 1365000 weight = 1
Processing entry 1366000 weight = 1
Processing entry 1367000 weight = 1
Processing entry 1368000 weight = 1
Processing entry 1369000 weight = 1
Processing entry 1370000 weight = 1
Processing entry 1371000 weight = 1
Processing entry 1372000 weight = 1
Processing entry 1373000 weight = 1
Processing entry 1374000 weight = 1
Processing entry 1375000 weight = 1
Processing entry 1376000 weight = 1
Processing entry 1377000 weight = 1
Processing entry 1378000 weight = 1
Processing entry 1379000 weight = 1
Processing entry 1380000 weight = 1
Processing entry 1381000 weight = 1
Processing entry 1382000 weight = 1
Processing entry 1383000 weight = 1
Processing entry 1384000 weight = 1
Processing entry 1385000 weight = 1
Processing entry 1386000 weight = 1
Processing entry 1387000 weight = 1
Processing entry 1388000 weight = 1
Processing entry 1389000 weight = 1
Processing entry 1390000 weight = 1
Processing entry 1391000 weight = 1
Processing entry 1392000 weight = 1
Processing entry 1393000 weight = 1
Processing entry 1394000 weight = 1
Processing entry 1395000 weight = 1
Processing entry 1396000 weight = 1
Processing entry 1397000 weight = 1
Processing entry 1398000 weight = 1
Processing entry 1399000 weight = 1
Processing entry 1400000 weight = 1
Processing entry 1401000 weight = 1
Processing entry 1402000 weight = 1
Processing entry 1403000 weight = 1
Processing entry 1404000 weight = 1
Processing entry 1405000 weight = 1
Processing entry 1406000 weight = 1
Processing entry 1407000 weight = 1
Processing entry 1408000 weight = 1
Processing entry 1409000 weight = 1
Processing entry 1410000 weight = 1
Processing entry 1411000 weight = 1
Processing entry 1412000 weight = 1
Processing entry 1413000 weight = 1
Processing entry 1414000 weight = 1
Processing entry 1415000 weight = 1
Processing entry 1416000 weight = 1
Processing entry 1417000 weight = 1
Processing entry 1418000 weight = 1
Processing entry 1419000 weight = 1
Processing entry 1420000 weight = 1
Processing entry 1421000 weight = 1
Processing entry 1422000 weight = 1
Processing entry 1423000 weight = 1
Processing entry 1424000 weight = 1
Processing entry 1425000 weight = 1
Processing entry 1426000 weight = 1
Processing entry 1427000 weight = 1
Processing entry 1428000 weight = 1
Processing entry 1429000 weight = 1
Processing entry 1430000 weight = 1
Processing entry 1431000 weight = 1
Processing entry 1432000 weight = 1
Processing entry 1433000 weight = 1
Processing entry 1434000 weight = 1
Processing entry 1435000 weight = 1
Processing entry 1436000 weight = 1
Processing entry 1437000 weight = 1
Processing entry 1438000 weight = 1
Processing entry 1439000 weight = 1
Processing entry 1440000 weight = 1
Processing entry 1441000 weight = 1
Processing entry 1442000 weight = 1
Processing entry 1443000 weight = 1
Processing entry 1444000 weight = 1
Processing entry 1445000 weight = 1
Processing entry 1446000 weight = 1
Processing entry 1447000 weight = 1
Processing entry 1448000 weight = 1
Processing entry 1449000 weight = 1
Processing entry 1450000 weight = 1
Processing entry 1451000 weight = 1
Processing entry 1452000 weight = 1
Processing entry 1453000 weight = 1
Processing entry 1454000 weight = 1
Processing entry 1455000 weight = 1
Processing entry 1456000 weight = 1
Processing entry 1457000 weight = 1
Processing entry 1458000 weight = 1
Processing entry 1459000 weight = 1
Processing entry 1460000 weight = 1
Processing entry 1461000 weight = 1
Processing entry 1462000 weight = 1
Processing entry 1463000 weight = 1
Processing entry 1464000 weight = 1
Processing entry 1465000 weight = 1
Processing entry 1466000 weight = 1
Processing entry 1467000 weight = 1
Processing entry 1468000 weight = 1
Processing entry 1469000 weight = 1
Processing entry 1470000 weight = 1
Processing entry 1471000 weight = 1
Processing entry 1472000 weight = 1
Processing entry 1473000 weight = 1
Processing entry 1474000 weight = 1
Processing entry 1475000 weight = 1
Processing entry 1476000 weight = 1
Processing entry 1477000 weight = 1
Processing entry 1478000 weight = 1
Processing entry 1479000 weight = 1
Processing entry 1480000 weight = 1
Processing entry 1481000 weight = 1
Processing entry 1482000 weight = 1
Processing entry 1483000 weight = 1
Processing entry 1484000 weight = 1
Processing entry 1485000 weight = 1
Processing entry 1486000 weight = 1
Processing entry 1487000 weight = 1
Processing entry 1488000 weight = 1
Processing entry 1489000 weight = 1
Processing entry 1490000 weight = 1
Processing entry 1491000 weight = 1
Processing entry 1492000 weight = 1
Processing entry 1493000 weight = 1
Processing entry 1494000 weight = 1
Processing entry 1495000 weight = 1
Processing entry 1496000 weight = 1
Processing entry 1497000 weight = 1
Processing entry 1498000 weight = 1
Processing entry 1499000 weight = 1
Processing entry 1500000 weight = 1
Processing entry 1501000 weight = 1
Processing entry 1502000 weight = 1
Processing entry 1503000 weight = 1
Processing entry 1504000 weight = 1
Processing entry 1505000 weight = 1
Processing entry 1506000 weight = 1
Processing entry 1507000 weight = 1
Processing entry 1508000 weight = 1
Processing entry 1509000 weight = 1
Processing entry 1510000 weight = 1
Processing entry 1511000 weight = 1
Processing entry 1512000 weight = 1
Processing entry 1513000 weight = 1
Processing entry 1514000 weight = 1
Processing entry 1515000 weight = 1
Processing entry 1516000 weight = 1
Processing entry 1517000 weight = 1
Processing entry 1518000 weight = 1
Processing entry 1519000 weight = 1
Processing entry 1520000 weight = 1
Processing entry 1521000 weight = 1
Processing entry 1522000 weight = 1
Processing entry 1523000 weight = 1
Processing entry 1524000 weight = 1
Processing entry 1525000 weight = 1
Processing entry 1526000 weight = 1
Processing entry 1527000 weight = 1
Processing entry 1528000 weight = 1
Processing entry 1529000 weight = 1
Processing entry 1530000 weight = 1
Processing entry 1531000 weight = 1
Processing entry 1532000 weight = 1
Processing entry 1533000 weight = 1
Processing entry 1534000 weight = 1
Processing entry 1535000 weight = 1
Processing entry 1536000 weight = 1
Processing entry 1537000 weight = 1
Processing entry 1538000 weight = 1
Processing entry 1539000 weight = 1
Processing entry 1540000 weight = 1
Processing entry 1541000 weight = 1
Processing entry 1542000 weight = 1
Processing entry 1543000 weight = 1
Processing entry 1544000 weight = 1
Processing entry 1545000 weight = 1
Processing entry 1546000 weight = 1
Processing entry 1547000 weight = 1
Processing entry 1548000 weight = 1
Processing entry 1549000 weight = 1
Processing entry 1550000 weight = 1
Processing entry 1551000 weight = 1
Processing entry 1552000 weight = 1
Processing entry 1553000 weight = 1
Processing entry 1554000 weight = 1
Processing entry 1555000 weight = 1
Processing entry 1556000 weight = 1
Processing entry 1557000 weight = 1
Processing entry 1558000 weight = 1
Processing entry 1559000 weight = 1
Processing entry 1560000 weight = 1
Processing entry 1561000 weight = 1
Processing entry 1562000 weight = 1
Processing entry 1563000 weight = 1
Processing entry 1564000 weight = 1
Processing entry 1565000 weight = 1
Processing entry 1566000 weight = 1
Processing entry 1567000 weight = 1
Processing entry 1568000 weight = 1
Processing entry 1569000 weight = 1
Processing entry 1570000 weight = 1
Processing entry 1571000 weight = 1
Processing entry 1572000 weight = 1
Processing entry 1573000 weight = 1
Processing entry 1574000 weight = 1
Processing entry 1575000 weight = 1
Processing entry 1576000 weight = 1
Processing entry 1577000 weight = 1
Processing entry 1578000 weight = 1
Processing entry 1579000 weight = 1
Processing entry 1580000 weight = 1
Processing entry 1581000 weight = 1
Processing entry 1582000 weight = 1
Processing entry 1583000 weight = 1
Processing entry 1584000 weight = 1
Processing entry 1585000 weight = 1
Processing entry 1586000 weight = 1
Processing entry 1587000 weight = 1
Processing entry 1588000 weight = 1
Processing entry 1589000 weight = 1
Processing entry 1590000 weight = 1
Processing entry 1591000 weight = 1
Processing entry 1592000 weight = 1
Processing entry 1593000 weight = 1
Processing entry 1594000 weight = 1
Processing entry 1595000 weight = 1
Processing entry 1596000 weight = 1
Processing entry 1597000 weight = 1
Processing entry 1598000 weight = 1
